0 silly argv {
0 silly argv   _: [ 'bootstrap' ],
0 silly argv   scope: '@smui/linear-progress',
0 silly argv   lernaVersion: '3.22.1',
0 silly argv   '$0': 'node_modules\\lerna\\cli.js'
0 silly argv }
1 notice cli v3.22.1
2 verbose rootPath C:\workspace\m7d\svelte-material-ui-core
3 notice filter including "@smui/linear-progress"
4 info filter [ '@smui/linear-progress' ]
5 warn bootstrap Installing local packages that do not match filters from registry
6 silly npmConfig {
6 silly npmConfig   registry: undefined,
6 silly npmConfig   npmClient: 'npm',
6 silly npmConfig   npmClientArgs: [ '--no-save' ],
6 silly npmConfig   mutex: undefined
6 silly npmConfig }
7 info Bootstrapping 1 package
8 verbose lifecycle preinstall
9 silly lifecycle No script for "preinstall" in "@smui/linear-progress", continuing
10 silly hasDependencyInstalled @smui/linear-progress glob-cmd
11 silly hasDependencyInstalled @smui/linear-progress sass
12 silly hasDependencyInstalled @smui/linear-progress @material/linear-progress
13 silly hasDependencyInstalled @smui/linear-progress @smui/common
14 silly root dependencies {}
15 silly leaf dependencies {}
16 info Installing external dependencies
17 verbose actions 1 actions, concurrency 16
18 silly npmInstallDependencies @smui/linear-progress [
18 silly npmInstallDependencies   'glob-cmd@0.0.7',
18 silly npmInstallDependencies   'sass@^1.26.11',
18 silly npmInstallDependencies   '@material/linear-progress@^7.0.0',
18 silly npmInstallDependencies   '@smui/common@file:../common'
18 silly npmInstallDependencies ]
19 silly npmInstallDependencies backup C:\workspace\m7d\svelte-material-ui-core\packages\linear-progress\package.json
20 silly npmInstallDependencies writing tempJson {
20 silly npmInstallDependencies   name: '@smui/linear-progress',
20 silly npmInstallDependencies   version: '1.0.0',
20 silly npmInstallDependencies   description: 'Svelte Material UI - Linear Progress',
20 silly npmInstallDependencies   keywords: [
20 silly npmInstallDependencies     'svelte',
20 silly npmInstallDependencies     'svelte3',
20 silly npmInstallDependencies     'material-ui',
20 silly npmInstallDependencies     'material-design',
20 silly npmInstallDependencies     'material',
20 silly npmInstallDependencies     'svelte-components',
20 silly npmInstallDependencies     'sveltejs'
20 silly npmInstallDependencies   ],
20 silly npmInstallDependencies   publishConfig: { access: 'public' },
20 silly npmInstallDependencies   repository: {
20 silly npmInstallDependencies     type: 'git',
20 silly npmInstallDependencies     url: 'git+https://github.com/hperrin/svelte-material-ui.git'
20 silly npmInstallDependencies   },
20 silly npmInstallDependencies   author: 'Hunter Perrin <hperrin@gmail.com>',
20 silly npmInstallDependencies   bugs: { url: 'https://github.com/hperrin/svelte-material-ui/issues' },
20 silly npmInstallDependencies   license: 'Apache-2.0',
20 silly npmInstallDependencies   dependencies: {
20 silly npmInstallDependencies     '@material/linear-progress': '^7.0.0',
20 silly npmInstallDependencies     '@smui/common': 'file:../common'
20 silly npmInstallDependencies   },
20 silly npmInstallDependencies   devDependencies: { 'glob-cmd': '0.0.7', sass: '^1.26.11' }
20 silly npmInstallDependencies }
21 silly getExecOpts C:\workspace\m7d\svelte-material-ui-core\packages\linear-progress undefined
22 silly npmInstall [ 'npm', [ 'install', '--no-save' ] ]
23 silly npmInstallDependencies cleanup C:\workspace\m7d\svelte-material-ui-core\packages\linear-progress\package.json
24 error Error: EPERM: operation not permitted, rename 'C:\workspace\m7d\svelte-material-ui-core\packages\linear-progress\package.json.lerna_backup' -> 'C:\workspace\m7d\svelte-material-ui-core\packages\linear-progress\package.json'
24 error     at Object.renameSync (fs.js:772:3)
24 error     at cleanup (C:\workspace\m7d\svelte-material-ui-core\node_modules\@lerna\npm-install\npm-install.js:70:10)
24 error     at done (C:\workspace\m7d\svelte-material-ui-core\node_modules\@lerna\npm-install\npm-install.js:78:7)
24 error     at C:\workspace\m7d\svelte-material-ui-core\node_modules\@lerna\npm-install\npm-install.js:94:19
